<?xml version="1.0" encoding="UTF-8"?>
<!-- Generated by org.testng.reporters.JUnitReportReporter -->
<testsuite hostname="Ashrafs-MacBook-Air.local" failures="0" tests="1" name="org.example.testRunner.Runners" time="23.566" errors="0" timestamp="2022-08-31T21:52:40 EET" skipped="0">
  <testcase classname="org.example.testRunner.Runners" name="runScenario" time="23.566"/>
  <system-out/>
</testsuite> <!-- org.example.testRunner.Runners -->
